The system is: Darwin - 22.1.0 - arm64
Compiling the C compiler identification source file "CMakeCCompilerId.c" succeeded.
Compiler: /opt/homebrew/Cellar/gcc/12.2.0/bin/aarch64-apple-darwin22-gcc-12 
Build flags: 
Id flags:  

The output was:
0


Compilation of the C compiler identification source "CMakeCCompilerId.c" produced "a.out"

The C compiler identification is GNU, found in "/Users/mac/wihow/code/datastructure/作业四/problem2/cmake-build-debug/CMakeFiles/3.23.2/CompilerIdC/a.out"

Compiling the CXX compiler identification source file "CMakeCXXCompilerId.cpp" succeeded.
Compiler: /opt/homebrew/Cellar/gcc/12.2.0/bin/aarch64-apple-darwin22-g++-12 
Build flags: 
Id flags:  

The output was:
0


Compilation of the CXX compiler identification source "CMakeCXXCompilerId.cpp" produced "a.out"

The CXX compiler identification is GNU, found in "/Users/mac/wihow/code/datastructure/作业四/problem2/cmake-build-debug/CMakeFiles/3.23.2/CompilerIdCXX/a.out"

Detecting C compiler ABI info compiled with the following output:
Change Dir: /Users/mac/wihow/code/datastructure/作业四/problem2/cmake-build-debug/CMakeFiles/CMakeTmp

Run Build Command(s):/Applications/CLion.app/Contents/bin/ninja/mac/ninja cmTC_85536 && [1/2] Building C object CMakeFiles/cmTC_85536.dir/CMakeCCompilerABI.c.o
Using built-in specs.
COLLECT_GCC=/opt/homebrew/Cellar/gcc/12.2.0/bin/aarch64-apple-darwin22-gcc-12
Target: aarch64-apple-darwin22
Configured with: ../configure --prefix=/opt/homebrew/opt/gcc --libdir=/opt/homebrew/opt/gcc/lib/gcc/current --disable-nls --enable-checking=release --with-gcc-major-version-only --enable-languages=c,c++,objc,obj-c++,fortran --program-suffix=-12 --with-gmp=/opt/homebrew/opt/gmp --with-mpfr=/opt/homebrew/opt/mpfr --with-mpc=/opt/homebrew/opt/libmpc --with-isl=/opt/homebrew/opt/isl --with-zstd=/opt/homebrew/opt/zstd --with-pkgversion='Homebrew GCC 12.2.0' --with-bugurl=https://github.com/Homebrew/homebrew-core/issues --with-system-zlib --build=aarch64-apple-darwin22 --with-sysroot=/Library/Developer/CommandLineTools/SDKs/MacOSX13.sdk
Thread model: posix
Supported LTO compression algorithms: zlib zstd
gcc version 12.2.0 (Homebrew GCC 12.2.0) 
COLLECT_GCC_OPTIONS='-isysroot' '/Library/Developer/CommandLineTools/SDKs/MacOSX13.0.sdk' '-v' '-o' 'CMakeFiles/cmTC_85536.dir/CMakeCCompilerABI.c.o' '-c' '-mmacosx-version-min=13.0.0' '-asm_macosx_version_min=13.0' '-nodefaultexport' '-mlittle-endian' '-mabi=lp64' '-dumpdir' 'CMakeFiles/cmTC_85536.dir/'
 /opt/homebrew/Cellar/gcc/12.2.0/bin/../libexec/gcc/aarch64-apple-darwin22/12/cc1 -quiet -v -iprefix /opt/homebrew/Cellar/gcc/12.2.0/bin/../lib/gcc/current/gcc/aarch64-apple-darwin22/12/ -D__DYNAMIC__ -isysroot /Library/Developer/CommandLineTools/SDKs/MacOSX13.0.sdk /Applications/CLion.app/Contents/bin/cmake/mac/share/cmake-3.23/Modules/CMakeCCompilerABI.c -fPIC -quiet -dumpdir CMakeFiles/cmTC_85536.dir/ -dumpbase CMakeCCompilerABI.c.c -dumpbase-ext .c -mmacosx-version-min=13.0.0 -mlittle-endian -mabi=lp64 -version -o /var/folders/g9/tqf6x_px7rd2nbpdv913xw500000gn/T//ccsWeDSq.s
GNU C17 (Homebrew GCC 12.2.0) version 12.2.0 (aarch64-apple-darwin22)
	compiled by GNU C version 12.2.0, GMP version 6.2.1, MPFR version 4.1.0-p13, MPC version 1.2.1, isl version isl-0.25-GMP

GGC heuristics: --param ggc-min-expand=100 --param ggc-min-heapsize=131072
ignoring nonexistent directory "/opt/homebrew/Cellar/gcc/12.2.0/bin/../lib/gcc/current/gcc/aarch64-apple-darwin22/12/../../../../../../aarch64-apple-darwin22/include"
ignoring duplicate directory "/opt/homebrew/Cellar/gcc/12.2.0/bin/../lib/gcc/current/gcc/../../../../lib/gcc/current/gcc/aarch64-apple-darwin22/12/include"
ignoring nonexistent directory "/Library/Developer/CommandLineTools/SDKs/MacOSX13.0.sdk/usr/local/include"
ignoring duplicate directory "/opt/homebrew/Cellar/gcc/12.2.0/bin/../lib/gcc/current/gcc/../../../../lib/gcc/current/gcc/aarch64-apple-darwin22/12/include-fixed"
ignoring nonexistent directory "/opt/homebrew/Cellar/gcc/12.2.0/bin/../lib/gcc/current/gcc/../../../../lib/gcc/current/gcc/aarch64-apple-darwin22/12/../../../../../../aarch64-apple-darwin22/include"
ignoring nonexistent directory "/Library/Developer/CommandLineTools/SDKs/MacOSX13.0.sdk/Library/Frameworks"
#include "..." search starts here:
#include <...> search starts here:
 /opt/homebrew/Cellar/gcc/12.2.0/bin/../lib/gcc/current/gcc/aarch64-apple-darwin22/12/include
 /opt/homebrew/Cellar/gcc/12.2.0/bin/../lib/gcc/current/gcc/aarch64-apple-darwin22/12/include-fixed
 /Library/Developer/CommandLineTools/SDKs/MacOSX13.0.sdk/usr/include
 /Library/Developer/CommandLineTools/SDKs/MacOSX13.0.sdk/System/Library/Frameworks
End of search list.
GNU C17 (Homebrew GCC 12.2.0) version 12.2.0 (aarch64-apple-darwin22)
	compiled by GNU C version 12.2.0, GMP version 6.2.1, MPFR version 4.1.0-p13, MPC version 1.2.1, isl version isl-0.25-GMP

GGC heuristics: --param ggc-min-expand=100 --param ggc-min-heapsize=131072
Compiler executable checksum: 3cce92b75dd89646acd9691b500e2627
COLLECT_GCC_OPTIONS='-isysroot' '/Library/Developer/CommandLineTools/SDKs/MacOSX13.0.sdk' '-v' '-o' 'CMakeFiles/cmTC_85536.dir/CMakeCCompilerABI.c.o' '-c' '-mmacosx-version-min=13.0.0'  '-nodefaultexport' '-mlittle-endian' '-mabi=lp64' '-dumpdir' 'CMakeFiles/cmTC_85536.dir/'
 as -arch arm64 -v -mmacosx-version-min=13.0 -o CMakeFiles/cmTC_85536.dir/CMakeCCompilerABI.c.o /var/folders/g9/tqf6x_px7rd2nbpdv913xw500000gn/T//ccsWeDSq.s
Apple clang version 14.0.0 (clang-1400.0.29.202)
Target: arm64-apple-darwin22.1.0
Thread model: posix
InstalledDir: /Library/Developer/CommandLineTools/usr/bin
 "/Library/Developer/CommandLineTools/usr/bin/clang" -cc1as -triple arm64-apple-macosx13.0.0 -filetype obj -main-file-name ccsWeDSq.s -target-cpu apple-m1 -target-feature +v8.5a -target-feature +fp-armv8 -target-feature +neon -target-feature +crc -target-feature +crypto -target-feature +dotprod -target-feature +fp16fml -target-feature +ras -target-feature +lse -target-feature +rdm -target-feature +rcpc -target-feature +zcm -target-feature +zcz -target-feature +fullfp16 -target-feature +sm4 -target-feature +sha3 -target-feature +sha2 -target-feature +aes -fdebug-compilation-dir=/Users/mac/wihow/code/datastructure/作业四/problem2/cmake-build-debug/CMakeFiles/CMakeTmp -dwarf-debug-producer "Apple clang version 14.0.0 (clang-1400.0.29.202)" -dwarf-version=4 -mrelocation-model pic --mrelax-relocations -mllvm -disable-aligned-alloc-awareness=1 -o CMakeFiles/cmTC_85536.dir/CMakeCCompilerABI.c.o /var/folders/g9/tqf6x_px7rd2nbpdv913xw500000gn/T//ccsWeDSq.s
COMPILER_PATH=/opt/homebrew/Cellar/gcc/12.2.0/bin/../libexec/gcc/aarch64-apple-darwin22/12/:/opt/homebrew/Cellar/gcc/12.2.0/bin/../libexec/gcc/
LIBRARY_PATH=/opt/homebrew/Cellar/gcc/12.2.0/bin/../lib/gcc/current/gcc/aarch64-apple-darwin22/12/:/opt/homebrew/Cellar/gcc/12.2.0/bin/../lib/gcc/current/gcc/:/opt/homebrew/Cellar/gcc/12.2.0/bin/../lib/gcc/current/gcc/aarch64-apple-darwin22/12/../../../
COLLECT_GCC_OPTIONS='-isysroot' '/Library/Developer/CommandLineTools/SDKs/MacOSX13.0.sdk' '-v' '-o' 'CMakeFiles/cmTC_85536.dir/CMakeCCompilerABI.c.o' '-c' '-mmacosx-version-min=13.0.0'  '-nodefaultexport' '-mlittle-endian' '-mabi=lp64' '-dumpdir' 'CMakeFiles/cmTC_85536.dir/CMakeCCompilerABI.c.'
[2/2] Linking C executable cmTC_85536
Using built-in specs.
COLLECT_GCC=/opt/homebrew/Cellar/gcc/12.2.0/bin/aarch64-apple-darwin22-gcc-12
COLLECT_LTO_WRAPPER=/opt/homebrew/Cellar/gcc/12.2.0/bin/../libexec/gcc/aarch64-apple-darwin22/12/lto-wrapper
Target: aarch64-apple-darwin22
Configured with: ../configure --prefix=/opt/homebrew/opt/gcc --libdir=/opt/homebrew/opt/gcc/lib/gcc/current --disable-nls --enable-checking=release --with-gcc-major-version-only --enable-languages=c,c++,objc,obj-c++,fortran --program-suffix=-12 --with-gmp=/opt/homebrew/opt/gmp --with-mpfr=/opt/homebrew/opt/mpfr --with-mpc=/opt/homebrew/opt/libmpc --with-isl=/opt/homebrew/opt/isl --with-zstd=/opt/homebrew/opt/zstd --with-pkgversion='Homebrew GCC 12.2.0' --with-bugurl=https://github.com/Homebrew/homebrew-core/issues --with-system-zlib --build=aarch64-apple-darwin22 --with-sysroot=/Library/Developer/CommandLineTools/SDKs/MacOSX13.sdk
Thread model: posix
Supported LTO compression algorithms: zlib zstd
gcc version 12.2.0 (Homebrew GCC 12.2.0) 
COMPILER_PATH=/opt/homebrew/Cellar/gcc/12.2.0/bin/../libexec/gcc/aarch64-apple-darwin22/12/:/opt/homebrew/Cellar/gcc/12.2.0/bin/../libexec/gcc/
LIBRARY_PATH=/opt/homebrew/Cellar/gcc/12.2.0/bin/../lib/gcc/current/gcc/aarch64-apple-darwin22/12/:/opt/homebrew/Cellar/gcc/12.2.0/bin/../lib/gcc/current/gcc/:/opt/homebrew/Cellar/gcc/12.2.0/bin/../lib/gcc/current/gcc/aarch64-apple-darwin22/12/../../../
COLLECT_GCC_OPTIONS='-isysroot' '/Library/Developer/CommandLineTools/SDKs/MacOSX13.0.sdk' '-v' '-o' 'cmTC_85536' '-mmacosx-version-min=13.0.0' '-asm_macosx_version_min=13.0' '-nodefaultexport' '-mlittle-endian' '-mabi=lp64' '-dumpdir' 'cmTC_85536.'
 /opt/homebrew/Cellar/gcc/12.2.0/bin/../libexec/gcc/aarch64-apple-darwin22/12/collect2 -dynamic -arch arm64 -syslibroot /Library/Developer/CommandLineTools/SDKs/MacOSX13.0.sdk -macosx_version_min 13.0.0 -o cmTC_85536 -L/opt/homebrew/Cellar/gcc/12.2.0/bin/../lib/gcc/current/gcc/aarch64-apple-darwin22/12 -L/opt/homebrew/Cellar/gcc/12.2.0/bin/../lib/gcc/current/gcc -L/opt/homebrew/Cellar/gcc/12.2.0/bin/../lib/gcc/current/gcc/aarch64-apple-darwin22/12/../../.. -search_paths_first -headerpad_max_install_names -v CMakeFiles/cmTC_85536.dir/CMakeCCompilerABI.c.o -lemutls_w -lgcc -lSystem -lgcc -no_compact_unwind -rpath @loader_path -rpath /opt/homebrew/Cellar/gcc/12.2.0/lib/gcc/current/gcc/aarch64-apple-darwin22/12 -rpath /opt/homebrew/Cellar/gcc/12.2.0/lib/gcc/current/gcc -rpath /opt/homebrew/Cellar/gcc/12.2.0/lib/gcc/current
collect2 version 12.2.0
/usr/bin/ld -dynamic -arch arm64 -syslibroot /Library/Developer/CommandLineTools/SDKs/MacOSX13.0.sdk -macosx_version_min 13.0.0 -o cmTC_85536 -L/opt/homebrew/Cellar/gcc/12.2.0/bin/../lib/gcc/current/gcc/aarch64-apple-darwin22/12 -L/opt/homebrew/Cellar/gcc/12.2.0/bin/../lib/gcc/current/gcc -L/opt/homebrew/Cellar/gcc/12.2.0/bin/../lib/gcc/current/gcc/aarch64-apple-darwin22/12/../../.. -search_paths_first -headerpad_max_install_names -v CMakeFiles/cmTC_85536.dir/CMakeCCompilerABI.c.o -lemutls_w -lgcc -lSystem -lgcc -no_compact_unwind -rpath @loader_path -rpath /opt/homebrew/Cellar/gcc/12.2.0/lib/gcc/current/gcc/aarch64-apple-darwin22/12 -rpath /opt/homebrew/Cellar/gcc/12.2.0/lib/gcc/current/gcc -rpath /opt/homebrew/Cellar/gcc/12.2.0/lib/gcc/current
@(#)PROGRAM:ld  PROJECT:ld64-820.1
BUILD 18:42:42 Sep 11 2022
configured to support archs: armv6 armv7 armv7s arm64 arm64e arm64_32 i386 x86_64 x86_64h armv6m armv7k armv7m armv7em
Library search paths:
	/opt/homebrew/Cellar/gcc/12.2.0/lib/gcc/current/gcc/aarch64-apple-darwin22/12
	/opt/homebrew/Cellar/gcc/12.2.0/lib/gcc/current/gcc
	/opt/homebrew/Cellar/gcc/12.2.0/lib/gcc/current
	/Library/Developer/CommandLineTools/SDKs/MacOSX13.0.sdk/usr/lib
Framework search paths:
	/Library/Developer/CommandLineTools/SDKs/MacOSX13.0.sdk/System/Library/Frameworks/



Parsed C implicit include dir info from above output: rv=done
  found start of include info
  found start of implicit include info
    add: [/opt/homebrew/Cellar/gcc/12.2.0/bin/../lib/gcc/current/gcc/aarch64-apple-darwin22/12/include]
    add: [/opt/homebrew/Cellar/gcc/12.2.0/bin/../lib/gcc/current/gcc/aarch64-apple-darwin22/12/include-fixed]
    add: [/Library/Developer/CommandLineTools/SDKs/MacOSX13.0.sdk/usr/include]
    add: [/Library/Developer/CommandLineTools/SDKs/MacOSX13.0.sdk/System/Library/Frameworks]
  end of search list found
  collapse include dir [/opt/homebrew/Cellar/gcc/12.2.0/bin/../lib/gcc/current/gcc/aarch64-apple-darwin22/12/include] ==> [/opt/homebrew/Cellar/gcc/12.2.0/lib/gcc/current/gcc/aarch64-apple-darwin22/12/include]
  collapse include dir [/opt/homebrew/Cellar/gcc/12.2.0/bin/../lib/gcc/current/gcc/aarch64-apple-darwin22/12/include-fixed] ==> [/opt/homebrew/Cellar/gcc/12.2.0/lib/gcc/current/gcc/aarch64-apple-darwin22/12/include-fixed]
  collapse include dir [/Library/Developer/CommandLineTools/SDKs/MacOSX13.0.sdk/usr/include] ==> [/Library/Developer/CommandLineTools/SDKs/MacOSX13.0.sdk/usr/include]
  collapse include dir [/Library/Developer/CommandLineTools/SDKs/MacOSX13.0.sdk/System/Library/Frameworks] ==> [/Library/Developer/CommandLineTools/SDKs/MacOSX13.0.sdk/System/Library/Frameworks]
  implicit include dirs: [/opt/homebrew/Cellar/gcc/12.2.0/lib/gcc/current/gcc/aarch64-apple-darwin22/12/include;/opt/homebrew/Cellar/gcc/12.2.0/lib/gcc/current/gcc/aarch64-apple-darwin22/12/include-fixed;/Library/Developer/CommandLineTools/SDKs/MacOSX13.0.sdk/usr/include;/Library/Developer/CommandLineTools/SDKs/MacOSX13.0.sdk/System/Library/Frameworks]


Parsed C implicit link information from above output:
  link line regex: [^( *|.*[/\])(ld|CMAKE_LINK_STARTFILE-NOTFOUND|([^/\]+-)?ld|collect2)[^/\]*( |$)]
  ignore line: [Change Dir: /Users/mac/wihow/code/datastructure/作业四/problem2/cmake-build-debug/CMakeFiles/CMakeTmp]
  ignore line: []
  ignore line: [Run Build Command(s):/Applications/CLion.app/Contents/bin/ninja/mac/ninja cmTC_85536 && [1/2] Building C object CMakeFiles/cmTC_85536.dir/CMakeCCompilerABI.c.o]
  ignore line: [Using built-in specs.]
  ignore line: [COLLECT_GCC=/opt/homebrew/Cellar/gcc/12.2.0/bin/aarch64-apple-darwin22-gcc-12]
  ignore line: [Target: aarch64-apple-darwin22]
  ignore line: [Configured with: ../configure --prefix=/opt/homebrew/opt/gcc --libdir=/opt/homebrew/opt/gcc/lib/gcc/current --disable-nls --enable-checking=release --with-gcc-major-version-only --enable-languages=c c++ objc obj-c++ fortran --program-suffix=-12 --with-gmp=/opt/homebrew/opt/gmp --with-mpfr=/opt/homebrew/opt/mpfr --with-mpc=/opt/homebrew/opt/libmpc --with-isl=/opt/homebrew/opt/isl --with-zstd=/opt/homebrew/opt/zstd --with-pkgversion='Homebrew GCC 12.2.0' --with-bugurl=https://github.com/Homebrew/homebrew-core/issues --with-system-zlib --build=aarch64-apple-darwin22 --with-sysroot=/Library/Developer/CommandLineTools/SDKs/MacOSX13.sdk]
  ignore line: [Thread model: posix]
  ignore line: [Supported LTO compression algorithms: zlib zstd]
  ignore line: [gcc version 12.2.0 (Homebrew GCC 12.2.0) ]
  ignore line: [COLLECT_GCC_OPTIONS='-isysroot' '/Library/Developer/CommandLineTools/SDKs/MacOSX13.0.sdk' '-v' '-o' 'CMakeFiles/cmTC_85536.dir/CMakeCCompilerABI.c.o' '-c' '-mmacosx-version-min=13.0.0' '-asm_macosx_version_min=13.0' '-nodefaultexport' '-mlittle-endian' '-mabi=lp64' '-dumpdir' 'CMakeFiles/cmTC_85536.dir/']
  ignore line: [ /opt/homebrew/Cellar/gcc/12.2.0/bin/../libexec/gcc/aarch64-apple-darwin22/12/cc1 -quiet -v -iprefix /opt/homebrew/Cellar/gcc/12.2.0/bin/../lib/gcc/current/gcc/aarch64-apple-darwin22/12/ -D__DYNAMIC__ -isysroot /Library/Developer/CommandLineTools/SDKs/MacOSX13.0.sdk /Applications/CLion.app/Contents/bin/cmake/mac/share/cmake-3.23/Modules/CMakeCCompilerABI.c -fPIC -quiet -dumpdir CMakeFiles/cmTC_85536.dir/ -dumpbase CMakeCCompilerABI.c.c -dumpbase-ext .c -mmacosx-version-min=13.0.0 -mlittle-endian -mabi=lp64 -version -o /var/folders/g9/tqf6x_px7rd2nbpdv913xw500000gn/T//ccsWeDSq.s]
  ignore line: [GNU C17 (Homebrew GCC 12.2.0) version 12.2.0 (aarch64-apple-darwin22)]
  ignore line: [	compiled by GNU C version 12.2.0  GMP version 6.2.1  MPFR version 4.1.0-p13  MPC version 1.2.1  isl version isl-0.25-GMP]
  ignore line: []
  ignore line: [GGC heuristics: --param ggc-min-expand=100 --param ggc-min-heapsize=131072]
  ignore line: [ignoring nonexistent directory "/opt/homebrew/Cellar/gcc/12.2.0/bin/../lib/gcc/current/gcc/aarch64-apple-darwin22/12/../../../../../../aarch64-apple-darwin22/include"]
  ignore line: [ignoring duplicate directory "/opt/homebrew/Cellar/gcc/12.2.0/bin/../lib/gcc/current/gcc/../../../../lib/gcc/current/gcc/aarch64-apple-darwin22/12/include"]
  ignore line: [ignoring nonexistent directory "/Library/Developer/CommandLineTools/SDKs/MacOSX13.0.sdk/usr/local/include"]
  ignore line: [ignoring duplicate directory "/opt/homebrew/Cellar/gcc/12.2.0/bin/../lib/gcc/current/gcc/../../../../lib/gcc/current/gcc/aarch64-apple-darwin22/12/include-fixed"]
  ignore line: [ignoring nonexistent directory "/opt/homebrew/Cellar/gcc/12.2.0/bin/../lib/gcc/current/gcc/../../../../lib/gcc/current/gcc/aarch64-apple-darwin22/12/../../../../../../aarch64-apple-darwin22/include"]
  ignore line: [ignoring nonexistent directory "/Library/Developer/CommandLineTools/SDKs/MacOSX13.0.sdk/Library/Frameworks"]
  ignore line: [#include "..." search starts here:]
  ignore line: [#include <...> search starts here:]
  ignore line: [ /opt/homebrew/Cellar/gcc/12.2.0/bin/../lib/gcc/current/gcc/aarch64-apple-darwin22/12/include]
  ignore line: [ /opt/homebrew/Cellar/gcc/12.2.0/bin/../lib/gcc/current/gcc/aarch64-apple-darwin22/12/include-fixed]
  ignore line: [ /Library/Developer/CommandLineTools/SDKs/MacOSX13.0.sdk/usr/include]
  ignore line: [ /Library/Developer/CommandLineTools/SDKs/MacOSX13.0.sdk/System/Library/Frameworks]
  ignore line: [End of search list.]
  ignore line: [GNU C17 (Homebrew GCC 12.2.0) version 12.2.0 (aarch64-apple-darwin22)]
  ignore line: [	compiled by GNU C version 12.2.0  GMP version 6.2.1  MPFR version 4.1.0-p13  MPC version 1.2.1  isl version isl-0.25-GMP]
  ignore line: []
  ignore line: [GGC heuristics: --param ggc-min-expand=100 --param ggc-min-heapsize=131072]
  ignore line: [Compiler executable checksum: 3cce92b75dd89646acd9691b500e2627]
  ignore line: [COLLECT_GCC_OPTIONS='-isysroot' '/Library/Developer/CommandLineTools/SDKs/MacOSX13.0.sdk' '-v' '-o' 'CMakeFiles/cmTC_85536.dir/CMakeCCompilerABI.c.o' '-c' '-mmacosx-version-min=13.0.0'  '-nodefaultexport' '-mlittle-endian' '-mabi=lp64' '-dumpdir' 'CMakeFiles/cmTC_85536.dir/']
  ignore line: [ as -arch arm64 -v -mmacosx-version-min=13.0 -o CMakeFiles/cmTC_85536.dir/CMakeCCompilerABI.c.o /var/folders/g9/tqf6x_px7rd2nbpdv913xw500000gn/T//ccsWeDSq.s]
  ignore line: [Apple clang version 14.0.0 (clang-1400.0.29.202)]
  ignore line: [Target: arm64-apple-darwin22.1.0]
  ignore line: [Thread model: posix]
  ignore line: [InstalledDir: /Library/Developer/CommandLineTools/usr/bin]
  ignore line: [ "/Library/Developer/CommandLineTools/usr/bin/clang" -cc1as -triple arm64-apple-macosx13.0.0 -filetype obj -main-file-name ccsWeDSq.s -target-cpu apple-m1 -target-feature +v8.5a -target-feature +fp-armv8 -target-feature +neon -target-feature +crc -target-feature +crypto -target-feature +dotprod -target-feature +fp16fml -target-feature +ras -target-feature +lse -target-feature +rdm -target-feature +rcpc -target-feature +zcm -target-feature +zcz -target-feature +fullfp16 -target-feature +sm4 -target-feature +sha3 -target-feature +sha2 -target-feature +aes -fdebug-compilation-dir=/Users/mac/wihow/code/datastructure/作业四/problem2/cmake-build-debug/CMakeFiles/CMakeTmp -dwarf-debug-producer "Apple clang version 14.0.0 (clang-1400.0.29.202)" -dwarf-version=4 -mrelocation-model pic --mrelax-relocations -mllvm -disable-aligned-alloc-awareness=1 -o CMakeFiles/cmTC_85536.dir/CMakeCCompilerABI.c.o /var/folders/g9/tqf6x_px7rd2nbpdv913xw500000gn/T//ccsWeDSq.s]
  ignore line: [COMPILER_PATH=/opt/homebrew/Cellar/gcc/12.2.0/bin/../libexec/gcc/aarch64-apple-darwin22/12/:/opt/homebrew/Cellar/gcc/12.2.0/bin/../libexec/gcc/]
  ignore line: [LIBRARY_PATH=/opt/homebrew/Cellar/gcc/12.2.0/bin/../lib/gcc/current/gcc/aarch64-apple-darwin22/12/:/opt/homebrew/Cellar/gcc/12.2.0/bin/../lib/gcc/current/gcc/:/opt/homebrew/Cellar/gcc/12.2.0/bin/../lib/gcc/current/gcc/aarch64-apple-darwin22/12/../../../]
  ignore line: [COLLECT_GCC_OPTIONS='-isysroot' '/Library/Developer/CommandLineTools/SDKs/MacOSX13.0.sdk' '-v' '-o' 'CMakeFiles/cmTC_85536.dir/CMakeCCompilerABI.c.o' '-c' '-mmacosx-version-min=13.0.0'  '-nodefaultexport' '-mlittle-endian' '-mabi=lp64' '-dumpdir' 'CMakeFiles/cmTC_85536.dir/CMakeCCompilerABI.c.']
  ignore line: [[2/2] Linking C executable cmTC_85536]
  ignore line: [Using built-in specs.]
  ignore line: [COLLECT_GCC=/opt/homebrew/Cellar/gcc/12.2.0/bin/aarch64-apple-darwin22-gcc-12]
  ignore line: [COLLECT_LTO_WRAPPER=/opt/homebrew/Cellar/gcc/12.2.0/bin/../libexec/gcc/aarch64-apple-darwin22/12/lto-wrapper]
  ignore line: [Target: aarch64-apple-darwin22]
  ignore line: [Configured with: ../configure --prefix=/opt/homebrew/opt/gcc --libdir=/opt/homebrew/opt/gcc/lib/gcc/current --disable-nls --enable-checking=release --with-gcc-major-version-only --enable-languages=c c++ objc obj-c++ fortran --program-suffix=-12 --with-gmp=/opt/homebrew/opt/gmp --with-mpfr=/opt/homebrew/opt/mpfr --with-mpc=/opt/homebrew/opt/libmpc --with-isl=/opt/homebrew/opt/isl --with-zstd=/opt/homebrew/opt/zstd --with-pkgversion='Homebrew GCC 12.2.0' --with-bugurl=https://github.com/Homebrew/homebrew-core/issues --with-system-zlib --build=aarch64-apple-darwin22 --with-sysroot=/Library/Developer/CommandLineTools/SDKs/MacOSX13.sdk]
  ignore line: [Thread model: posix]
  ignore line: [Supported LTO compression algorithms: zlib zstd]
  ignore line: [gcc version 12.2.0 (Homebrew GCC 12.2.0) ]
  ignore line: [COMPILER_PATH=/opt/homebrew/Cellar/gcc/12.2.0/bin/../libexec/gcc/aarch64-apple-darwin22/12/:/opt/homebrew/Cellar/gcc/12.2.0/bin/../libexec/gcc/]
  ignore line: [LIBRARY_PATH=/opt/homebrew/Cellar/gcc/12.2.0/bin/../lib/gcc/current/gcc/aarch64-apple-darwin22/12/:/opt/homebrew/Cellar/gcc/12.2.0/bin/../lib/gcc/current/gcc/:/opt/homebrew/Cellar/gcc/12.2.0/bin/../lib/gcc/current/gcc/aarch64-apple-darwin22/12/../../../]
  ignore line: [COLLECT_GCC_OPTIONS='-isysroot' '/Library/Developer/CommandLineTools/SDKs/MacOSX13.0.sdk' '-v' '-o' 'cmTC_85536' '-mmacosx-version-min=13.0.0' '-asm_macosx_version_min=13.0' '-nodefaultexport' '-mlittle-endian' '-mabi=lp64' '-dumpdir' 'cmTC_85536.']
  link line: [ /opt/homebrew/Cellar/gcc/12.2.0/bin/../libexec/gcc/aarch64-apple-darwin22/12/collect2 -dynamic -arch arm64 -syslibroot /Library/Developer/CommandLineTools/SDKs/MacOSX13.0.sdk -macosx_version_min 13.0.0 -o cmTC_85536 -L/opt/homebrew/Cellar/gcc/12.2.0/bin/../lib/gcc/current/gcc/aarch64-apple-darwin22/12 -L/opt/homebrew/Cellar/gcc/12.2.0/bin/../lib/gcc/current/gcc -L/opt/homebrew/Cellar/gcc/12.2.0/bin/../lib/gcc/current/gcc/aarch64-apple-darwin22/12/../../.. -search_paths_first -headerpad_max_install_names -v CMakeFiles/cmTC_85536.dir/CMakeCCompilerABI.c.o -lemutls_w -lgcc -lSystem -lgcc -no_compact_unwind -rpath @loader_path -rpath /opt/homebrew/Cellar/gcc/12.2.0/lib/gcc/current/gcc/aarch64-apple-darwin22/12 -rpath /opt/homebrew/Cellar/gcc/12.2.0/lib/gcc/current/gcc -rpath /opt/homebrew/Cellar/gcc/12.2.0/lib/gcc/current]
    arg [/opt/homebrew/Cellar/gcc/12.2.0/bin/../libexec/gcc/aarch64-apple-darwin22/12/collect2] ==> ignore
    arg [-dynamic] ==> ignore
    arg [-arch] ==> ignore
    arg [arm64] ==> ignore
    arg [-syslibroot] ==> ignore
    arg [/Library/Developer/CommandLineTools/SDKs/MacOSX13.0.sdk] ==> ignore
    arg [-macosx_version_min] ==> ignore
    arg [13.0.0] ==> ignore
    arg [-o] ==> ignore
    arg [cmTC_85536] ==> ignore
    arg [-L/opt/homebrew/Cellar/gcc/12.2.0/bin/../lib/gcc/current/gcc/aarch64-apple-darwin22/12] ==> dir [/opt/homebrew/Cellar/gcc/12.2.0/bin/../lib/gcc/current/gcc/aarch64-apple-darwin22/12]
    arg [-L/opt/homebrew/Cellar/gcc/12.2.0/bin/../lib/gcc/current/gcc] ==> dir [/opt/homebrew/Cellar/gcc/12.2.0/bin/../lib/gcc/current/gcc]
    arg [-L/opt/homebrew/Cellar/gcc/12.2.0/bin/../lib/gcc/current/gcc/aarch64-apple-darwin22/12/../../..] ==> dir [/opt/homebrew/Cellar/gcc/12.2.0/bin/../lib/gcc/current/gcc/aarch64-apple-darwin22/12/../../..]
    arg [-search_paths_first] ==> ignore
    arg [-headerpad_max_install_names] ==> ignore
    arg [-v] ==> ignore
    arg [CMakeFiles/cmTC_85536.dir/CMakeCCompilerABI.c.o] ==> ignore
    arg [-lemutls_w] ==> lib [emutls_w]
    arg [-lgcc] ==> lib [gcc]
    arg [-lSystem] ==> lib [System]
    arg [-lgcc] ==> lib [gcc]
    arg [-no_compact_unwind] ==> ignore
    arg [-rpath] ==> ignore
    arg [@loader_path] ==> ignore
    arg [-rpath] ==> ignore
    arg [/opt/homebrew/Cellar/gcc/12.2.0/lib/gcc/current/gcc/aarch64-apple-darwin22/12] ==> ignore
    arg [-rpath] ==> ignore
    arg [/opt/homebrew/Cellar/gcc/12.2.0/lib/gcc/current/gcc] ==> ignore
    arg [-rpath] ==> ignore
    arg [/opt/homebrew/Cellar/gcc/12.2.0/lib/gcc/current] ==> ignore
  Library search paths: [;/opt/homebrew/Cellar/gcc/12.2.0/lib/gcc/current/gcc/aarch64-apple-darwin22/12;/opt/homebrew/Cellar/gcc/12.2.0/lib/gcc/current/gcc;/opt/homebrew/Cellar/gcc/12.2.0/lib/gcc/current;/Library/Developer/CommandLineTools/SDKs/MacOSX13.0.sdk/usr/lib]
  Framework search paths: [;/Library/Developer/CommandLineTools/SDKs/MacOSX13.0.sdk/System/Library/Frameworks/]
  remove lib [System]
  collapse library dir [/opt/homebrew/Cellar/gcc/12.2.0/bin/../lib/gcc/current/gcc/aarch64-apple-darwin22/12] ==> [/opt/homebrew/Cellar/gcc/12.2.0/lib/gcc/current/gcc/aarch64-apple-darwin22/12]
  collapse library dir [/opt/homebrew/Cellar/gcc/12.2.0/bin/../lib/gcc/current/gcc] ==> [/opt/homebrew/Cellar/gcc/12.2.0/lib/gcc/current/gcc]
  collapse library dir [/opt/homebrew/Cellar/gcc/12.2.0/bin/../lib/gcc/current/gcc/aarch64-apple-darwin22/12/../../..] ==> [/opt/homebrew/Cellar/gcc/12.2.0/lib/gcc/current]
  collapse library dir [/opt/homebrew/Cellar/gcc/12.2.0/lib/gcc/current/gcc/aarch64-apple-darwin22/12] ==> [/opt/homebrew/Cellar/gcc/12.2.0/lib/gcc/current/gcc/aarch64-apple-darwin22/12]
  collapse library dir [/opt/homebrew/Cellar/gcc/12.2.0/lib/gcc/current/gcc] ==> [/opt/homebrew/Cellar/gcc/12.2.0/lib/gcc/current/gcc]
  collapse library dir [/opt/homebrew/Cellar/gcc/12.2.0/lib/gcc/current] ==> [/opt/homebrew/Cellar/gcc/12.2.0/lib/gcc/current]
  collapse library dir [/Library/Developer/CommandLineTools/SDKs/MacOSX13.0.sdk/usr/lib] ==> [/Library/Developer/CommandLineTools/SDKs/MacOSX13.0.sdk/usr/lib]
  collapse framework dir [/Library/Developer/CommandLineTools/SDKs/MacOSX13.0.sdk/System/Library/Frameworks/] ==> [/Library/Developer/CommandLineTools/SDKs/MacOSX13.0.sdk/System/Library/Frameworks]
  implicit libs: [emutls_w;gcc;gcc]
  implicit objs: []
  implicit dirs: [/opt/homebrew/Cellar/gcc/12.2.0/lib/gcc/current/gcc/aarch64-apple-darwin22/12;/opt/homebrew/Cellar/gcc/12.2.0/lib/gcc/current/gcc;/opt/homebrew/Cellar/gcc/12.2.0/lib/gcc/current;/Library/Developer/CommandLineTools/SDKs/MacOSX13.0.sdk/usr/lib]
  implicit fwks: [/Library/Developer/CommandLineTools/SDKs/MacOSX13.0.sdk/System/Library/Frameworks]


Detecting CXX compiler ABI info compiled with the following output:
Change Dir: /Users/mac/wihow/code/datastructure/作业四/problem2/cmake-build-debug/CMakeFiles/CMakeTmp

Run Build Command(s):/Applications/CLion.app/Contents/bin/ninja/mac/ninja cmTC_cd571 && [1/2] Building CXX object CMakeFiles/cmTC_cd571.dir/CMakeCXXCompilerABI.cpp.o
Using built-in specs.
COLLECT_GCC=/opt/homebrew/Cellar/gcc/12.2.0/bin/aarch64-apple-darwin22-g++-12
Target: aarch64-apple-darwin22
Configured with: ../configure --prefix=/opt/homebrew/opt/gcc --libdir=/opt/homebrew/opt/gcc/lib/gcc/current --disable-nls --enable-checking=release --with-gcc-major-version-only --enable-languages=c,c++,objc,obj-c++,fortran --program-suffix=-12 --with-gmp=/opt/homebrew/opt/gmp --with-mpfr=/opt/homebrew/opt/mpfr --with-mpc=/opt/homebrew/opt/libmpc --with-isl=/opt/homebrew/opt/isl --with-zstd=/opt/homebrew/opt/zstd --with-pkgversion='Homebrew GCC 12.2.0' --with-bugurl=https://github.com/Homebrew/homebrew-core/issues --with-system-zlib --build=aarch64-apple-darwin22 --with-sysroot=/Library/Developer/CommandLineTools/SDKs/MacOSX13.sdk
Thread model: posix
Supported LTO compression algorithms: zlib zstd
gcc version 12.2.0 (Homebrew GCC 12.2.0) 
COLLECT_GCC_OPTIONS='-isysroot' '/Library/Developer/CommandLineTools/SDKs/MacOSX13.0.sdk' '-v' '-o' 'CMakeFiles/cmTC_cd571.dir/CMakeCXXCompilerABI.cpp.o' '-c' '-mmacosx-version-min=13.0.0' '-asm_macosx_version_min=13.0' '-nodefaultexport' '-mlittle-endian' '-mabi=lp64' '-dumpdir' 'CMakeFiles/cmTC_cd571.dir/'
 /opt/homebrew/Cellar/gcc/12.2.0/bin/../libexec/gcc/aarch64-apple-darwin22/12/cc1plus -quiet -v -iprefix /opt/homebrew/Cellar/gcc/12.2.0/bin/../lib/gcc/current/gcc/aarch64-apple-darwin22/12/ -D__DYNAMIC__ -isysroot /Library/Developer/CommandLineTools/SDKs/MacOSX13.0.sdk /Applications/CLion.app/Contents/bin/cmake/mac/share/cmake-3.23/Modules/CMakeCXXCompilerABI.cpp -fPIC -quiet -dumpdir CMakeFiles/cmTC_cd571.dir/ -dumpbase CMakeCXXCompilerABI.cpp.cpp -dumpbase-ext .cpp -mmacosx-version-min=13.0.0 -mlittle-endian -mabi=lp64 -version -o /var/folders/g9/tqf6x_px7rd2nbpdv913xw500000gn/T//ccdSi7Fn.s
GNU C++17 (Homebrew GCC 12.2.0) version 12.2.0 (aarch64-apple-darwin22)
	compiled by GNU C version 12.2.0, GMP version 6.2.1, MPFR version 4.1.0-p13, MPC version 1.2.1, isl version isl-0.25-GMP

GGC heuristics: --param ggc-min-expand=100 --param ggc-min-heapsize=131072
ignoring nonexistent directory "/opt/homebrew/Cellar/gcc/12.2.0/bin/../lib/gcc/current/gcc/aarch64-apple-darwin22/12/../../../../../../aarch64-apple-darwin22/include"
ignoring duplicate directory "/opt/homebrew/Cellar/gcc/12.2.0/bin/../lib/gcc/current/gcc/../../../../lib/gcc/current/gcc/aarch64-apple-darwin22/12/../../../../../../include/c++/12"
ignoring duplicate directory "/opt/homebrew/Cellar/gcc/12.2.0/bin/../lib/gcc/current/gcc/../../../../lib/gcc/current/gcc/aarch64-apple-darwin22/12/../../../../../../include/c++/12/aarch64-apple-darwin22"
ignoring duplicate directory "/opt/homebrew/Cellar/gcc/12.2.0/bin/../lib/gcc/current/gcc/../../../../lib/gcc/current/gcc/aarch64-apple-darwin22/12/../../../../../../include/c++/12/backward"
ignoring duplicate directory "/opt/homebrew/Cellar/gcc/12.2.0/bin/../lib/gcc/current/gcc/../../../../lib/gcc/current/gcc/aarch64-apple-darwin22/12/include"
ignoring nonexistent directory "/Library/Developer/CommandLineTools/SDKs/MacOSX13.0.sdk/usr/local/include"
ignoring duplicate directory "/opt/homebrew/Cellar/gcc/12.2.0/bin/../lib/gcc/current/gcc/../../../../lib/gcc/current/gcc/aarch64-apple-darwin22/12/include-fixed"
ignoring nonexistent directory "/opt/homebrew/Cellar/gcc/12.2.0/bin/../lib/gcc/current/gcc/../../../../lib/gcc/current/gcc/aarch64-apple-darwin22/12/../../../../../../aarch64-apple-darwin22/include"
ignoring nonexistent directory "/Library/Developer/CommandLineTools/SDKs/MacOSX13.0.sdk/Library/Frameworks"
#include "..." search starts here:
#include <...> search starts here:
 /opt/homebrew/Cellar/gcc/12.2.0/bin/../lib/gcc/current/gcc/aarch64-apple-darwin22/12/../../../../../../include/c++/12
 /opt/homebrew/Cellar/gcc/12.2.0/bin/../lib/gcc/current/gcc/aarch64-apple-darwin22/12/../../../../../../include/c++/12/aarch64-apple-darwin22
 /opt/homebrew/Cellar/gcc/12.2.0/bin/../lib/gcc/current/gcc/aarch64-apple-darwin22/12/../../../../../../include/c++/12/backward
 /opt/homebrew/Cellar/gcc/12.2.0/bin/../lib/gcc/current/gcc/aarch64-apple-darwin22/12/include
 /opt/homebrew/Cellar/gcc/12.2.0/bin/../lib/gcc/current/gcc/aarch64-apple-darwin22/12/include-fixed
 /Library/Developer/CommandLineTools/SDKs/MacOSX13.0.sdk/usr/include
 /Library/Developer/CommandLineTools/SDKs/MacOSX13.0.sdk/System/Library/Frameworks
End of search list.
GNU C++17 (Homebrew GCC 12.2.0) version 12.2.0 (aarch64-apple-darwin22)
	compiled by GNU C version 12.2.0, GMP version 6.2.1, MPFR version 4.1.0-p13, MPC version 1.2.1, isl version isl-0.25-GMP

GGC heuristics: --param ggc-min-expand=100 --param ggc-min-heapsize=131072
Compiler executable checksum: 1e863952a13ea06101beaf74284a4c21
COLLECT_GCC_OPTIONS='-isysroot' '/Library/Developer/CommandLineTools/SDKs/MacOSX13.0.sdk' '-v' '-o' 'CMakeFiles/cmTC_cd571.dir/CMakeCXXCompilerABI.cpp.o' '-c' '-mmacosx-version-min=13.0.0'  '-nodefaultexport' '-mlittle-endian' '-mabi=lp64' '-dumpdir' 'CMakeFiles/cmTC_cd571.dir/'
 as -arch arm64 -v -mmacosx-version-min=13.0 -o CMakeFiles/cmTC_cd571.dir/CMakeCXXCompilerABI.cpp.o /var/folders/g9/tqf6x_px7rd2nbpdv913xw500000gn/T//ccdSi7Fn.s
Apple clang version 14.0.0 (clang-1400.0.29.202)
Target: arm64-apple-darwin22.1.0
Thread model: posix
InstalledDir: /Library/Developer/CommandLineTools/usr/bin
 "/Library/Developer/CommandLineTools/usr/bin/clang" -cc1as -triple arm64-apple-macosx13.0.0 -filetype obj -main-file-name ccdSi7Fn.s -target-cpu apple-m1 -target-feature +v8.5a -target-feature +fp-armv8 -target-feature +neon -target-feature +crc -target-feature +crypto -target-feature +dotprod -target-feature +fp16fml -target-feature +ras -target-feature +lse -target-feature +rdm -target-feature +rcpc -target-feature +zcm -target-feature +zcz -target-feature +fullfp16 -target-feature +sm4 -target-feature +sha3 -target-feature +sha2 -target-feature +aes -fdebug-compilation-dir=/Users/mac/wihow/code/datastructure/作业四/problem2/cmake-build-debug/CMakeFiles/CMakeTmp -dwarf-debug-producer "Apple clang version 14.0.0 (clang-1400.0.29.202)" -dwarf-version=4 -mrelocation-model pic --mrelax-relocations -mllvm -disable-aligned-alloc-awareness=1 -o CMakeFiles/cmTC_cd571.dir/CMakeCXXCompilerABI.cpp.o /var/folders/g9/tqf6x_px7rd2nbpdv913xw500000gn/T//ccdSi7Fn.s
COMPILER_PATH=/opt/homebrew/Cellar/gcc/12.2.0/bin/../libexec/gcc/aarch64-apple-darwin22/12/:/opt/homebrew/Cellar/gcc/12.2.0/bin/../libexec/gcc/
LIBRARY_PATH=/opt/homebrew/Cellar/gcc/12.2.0/bin/../lib/gcc/current/gcc/aarch64-apple-darwin22/12/:/opt/homebrew/Cellar/gcc/12.2.0/bin/../lib/gcc/current/gcc/:/opt/homebrew/Cellar/gcc/12.2.0/bin/../lib/gcc/current/gcc/aarch64-apple-darwin22/12/../../../
COLLECT_GCC_OPTIONS='-isysroot' '/Library/Developer/CommandLineTools/SDKs/MacOSX13.0.sdk' '-v' '-o' 'CMakeFiles/cmTC_cd571.dir/CMakeCXXCompilerABI.cpp.o' '-c' '-mmacosx-version-min=13.0.0'  '-nodefaultexport' '-mlittle-endian' '-mabi=lp64' '-dumpdir' 'CMakeFiles/cmTC_cd571.dir/CMakeCXXCompilerABI.cpp.'
[2/2] Linking CXX executable cmTC_cd571
Using built-in specs.
COLLECT_GCC=/opt/homebrew/Cellar/gcc/12.2.0/bin/aarch64-apple-darwin22-g++-12
COLLECT_LTO_WRAPPER=/opt/homebrew/Cellar/gcc/12.2.0/bin/../libexec/gcc/aarch64-apple-darwin22/12/lto-wrapper
Target: aarch64-apple-darwin22
Configured with: ../configure --prefix=/opt/homebrew/opt/gcc --libdir=/opt/homebrew/opt/gcc/lib/gcc/current --disable-nls --enable-checking=release --with-gcc-major-version-only --enable-languages=c,c++,objc,obj-c++,fortran --program-suffix=-12 --with-gmp=/opt/homebrew/opt/gmp --with-mpfr=/opt/homebrew/opt/mpfr --with-mpc=/opt/homebrew/opt/libmpc --with-isl=/opt/homebrew/opt/isl --with-zstd=/opt/homebrew/opt/zstd --with-pkgversion='Homebrew GCC 12.2.0' --with-bugurl=https://github.com/Homebrew/homebrew-core/issues --with-system-zlib --build=aarch64-apple-darwin22 --with-sysroot=/Library/Developer/CommandLineTools/SDKs/MacOSX13.sdk
Thread model: posix
Supported LTO compression algorithms: zlib zstd
gcc version 12.2.0 (Homebrew GCC 12.2.0) 
COMPILER_PATH=/opt/homebrew/Cellar/gcc/12.2.0/bin/../libexec/gcc/aarch64-apple-darwin22/12/:/opt/homebrew/Cellar/gcc/12.2.0/bin/../libexec/gcc/
LIBRARY_PATH=/opt/homebrew/Cellar/gcc/12.2.0/bin/../lib/gcc/current/gcc/aarch64-apple-darwin22/12/:/opt/homebrew/Cellar/gcc/12.2.0/bin/../lib/gcc/current/gcc/:/opt/homebrew/Cellar/gcc/12.2.0/bin/../lib/gcc/current/gcc/aarch64-apple-darwin22/12/../../../
COLLECT_GCC_OPTIONS='-isysroot' '/Library/Developer/CommandLineTools/SDKs/MacOSX13.0.sdk' '-v' '-o' 'cmTC_cd571' '-mmacosx-version-min=13.0.0' '-asm_macosx_version_min=13.0' '-nodefaultexport' '-mlittle-endian' '-mabi=lp64' '-dumpdir' 'cmTC_cd571.'
 /opt/homebrew/Cellar/gcc/12.2.0/bin/../libexec/gcc/aarch64-apple-darwin22/12/collect2 -dynamic -arch arm64 -syslibroot /Library/Developer/CommandLineTools/SDKs/MacOSX13.0.sdk -macosx_version_min 13.0.0 -o cmTC_cd571 -L/opt/homebrew/Cellar/gcc/12.2.0/bin/../lib/gcc/current/gcc/aarch64-apple-darwin22/12 -L/opt/homebrew/Cellar/gcc/12.2.0/bin/../lib/gcc/current/gcc -L/opt/homebrew/Cellar/gcc/12.2.0/bin/../lib/gcc/current/gcc/aarch64-apple-darwin22/12/../../.. -search_paths_first -headerpad_max_install_names -v CMakeFiles/cmTC_cd571.dir/CMakeCXXCompilerABI.cpp.o -lstdc++ -lemutls_w -lgcc -lSystem -lgcc -no_compact_unwind -rpath @loader_path -rpath /opt/homebrew/Cellar/gcc/12.2.0/lib/gcc/current/gcc/aarch64-apple-darwin22/12 -rpath /opt/homebrew/Cellar/gcc/12.2.0/lib/gcc/current/gcc -rpath /opt/homebrew/Cellar/gcc/12.2.0/lib/gcc/current
collect2 version 12.2.0
/usr/bin/ld -dynamic -arch arm64 -syslibroot /Library/Developer/CommandLineTools/SDKs/MacOSX13.0.sdk -macosx_version_min 13.0.0 -o cmTC_cd571 -L/opt/homebrew/Cellar/gcc/12.2.0/bin/../lib/gcc/current/gcc/aarch64-apple-darwin22/12 -L/opt/homebrew/Cellar/gcc/12.2.0/bin/../lib/gcc/current/gcc -L/opt/homebrew/Cellar/gcc/12.2.0/bin/../lib/gcc/current/gcc/aarch64-apple-darwin22/12/../../.. -search_paths_first -headerpad_max_install_names -v CMakeFiles/cmTC_cd571.dir/CMakeCXXCompilerABI.cpp.o -lstdc++ -lemutls_w -lgcc -lSystem -lgcc -no_compact_unwind -rpath @loader_path -rpath /opt/homebrew/Cellar/gcc/12.2.0/lib/gcc/current/gcc/aarch64-apple-darwin22/12 -rpath /opt/homebrew/Cellar/gcc/12.2.0/lib/gcc/current/gcc -rpath /opt/homebrew/Cellar/gcc/12.2.0/lib/gcc/current
@(#)PROGRAM:ld  PROJECT:ld64-820.1
BUILD 18:42:42 Sep 11 2022
configured to support archs: armv6 armv7 armv7s arm64 arm64e arm64_32 i386 x86_64 x86_64h armv6m armv7k armv7m armv7em
Library search paths:
	/opt/homebrew/Cellar/gcc/12.2.0/lib/gcc/current/gcc/aarch64-apple-darwin22/12
	/opt/homebrew/Cellar/gcc/12.2.0/lib/gcc/current/gcc
	/opt/homebrew/Cellar/gcc/12.2.0/lib/gcc/current
	/Library/Developer/CommandLineTools/SDKs/MacOSX13.0.sdk/usr/lib
Framework search paths:
	/Library/Developer/CommandLineTools/SDKs/MacOSX13.0.sdk/System/Library/Frameworks/



Parsed CXX implicit include dir info from above output: rv=done
  found start of include info
  found start of implicit include info
    add: [/opt/homebrew/Cellar/gcc/12.2.0/bin/../lib/gcc/current/gcc/aarch64-apple-darwin22/12/../../../../../../include/c++/12]
    add: [/opt/homebrew/Cellar/gcc/12.2.0/bin/../lib/gcc/current/gcc/aarch64-apple-darwin22/12/../../../../../../include/c++/12/aarch64-apple-darwin22]
    add: [/opt/homebrew/Cellar/gcc/12.2.0/bin/../lib/gcc/current/gcc/aarch64-apple-darwin22/12/../../../../../../include/c++/12/backward]
    add: [/opt/homebrew/Cellar/gcc/12.2.0/bin/../lib/gcc/current/gcc/aarch64-apple-darwin22/12/include]
    add: [/opt/homebrew/Cellar/gcc/12.2.0/bin/../lib/gcc/current/gcc/aarch64-apple-darwin22/12/include-fixed]
    add: [/Library/Developer/CommandLineTools/SDKs/MacOSX13.0.sdk/usr/include]
    add: [/Library/Developer/CommandLineTools/SDKs/MacOSX13.0.sdk/System/Library/Frameworks]
  end of search list found
  collapse include dir [/opt/homebrew/Cellar/gcc/12.2.0/bin/../lib/gcc/current/gcc/aarch64-apple-darwin22/12/../../../../../../include/c++/12] ==> [/opt/homebrew/Cellar/gcc/12.2.0/include/c++/12]
  collapse include dir [/opt/homebrew/Cellar/gcc/12.2.0/bin/../lib/gcc/current/gcc/aarch64-apple-darwin22/12/../../../../../../include/c++/12/aarch64-apple-darwin22] ==> [/opt/homebrew/Cellar/gcc/12.2.0/include/c++/12/aarch64-apple-darwin22]
  collapse include dir [/opt/homebrew/Cellar/gcc/12.2.0/bin/../lib/gcc/current/gcc/aarch64-apple-darwin22/12/../../../../../../include/c++/12/backward] ==> [/opt/homebrew/Cellar/gcc/12.2.0/include/c++/12/backward]
  collapse include dir [/opt/homebrew/Cellar/gcc/12.2.0/bin/../lib/gcc/current/gcc/aarch64-apple-darwin22/12/include] ==> [/opt/homebrew/Cellar/gcc/12.2.0/lib/gcc/current/gcc/aarch64-apple-darwin22/12/include]
  collapse include dir [/opt/homebrew/Cellar/gcc/12.2.0/bin/../lib/gcc/current/gcc/aarch64-apple-darwin22/12/include-fixed] ==> [/opt/homebrew/Cellar/gcc/12.2.0/lib/gcc/current/gcc/aarch64-apple-darwin22/12/include-fixed]
  collapse include dir [/Library/Developer/CommandLineTools/SDKs/MacOSX13.0.sdk/usr/include] ==> [/Library/Developer/CommandLineTools/SDKs/MacOSX13.0.sdk/usr/include]
  collapse include dir [/Library/Developer/CommandLineTools/SDKs/MacOSX13.0.sdk/System/Library/Frameworks] ==> [/Library/Developer/CommandLineTools/SDKs/MacOSX13.0.sdk/System/Library/Frameworks]
  implicit include dirs: [/opt/homebrew/Cellar/gcc/12.2.0/include/c++/12;/opt/homebrew/Cellar/gcc/12.2.0/include/c++/12/aarch64-apple-darwin22;/opt/homebrew/Cellar/gcc/12.2.0/include/c++/12/backward;/opt/homebrew/Cellar/gcc/12.2.0/lib/gcc/current/gcc/aarch64-apple-darwin22/12/include;/opt/homebrew/Cellar/gcc/12.2.0/lib/gcc/current/gcc/aarch64-apple-darwin22/12/include-fixed;/Library/Developer/CommandLineTools/SDKs/MacOSX13.0.sdk/usr/include;/Library/Developer/CommandLineTools/SDKs/MacOSX13.0.sdk/System/Library/Frameworks]


Parsed CXX implicit link information from above output:
  link line regex: [^( *|.*[/\])(ld|CMAKE_LINK_STARTFILE-NOTFOUND|([^/\]+-)?ld|collect2)[^/\]*( |$)]
  ignore line: [Change Dir: /Users/mac/wihow/code/datastructure/作业四/problem2/cmake-build-debug/CMakeFiles/CMakeTmp]
  ignore line: []
  ignore line: [Run Build Command(s):/Applications/CLion.app/Contents/bin/ninja/mac/ninja cmTC_cd571 && [1/2] Building CXX object CMakeFiles/cmTC_cd571.dir/CMakeCXXCompilerABI.cpp.o]
  ignore line: [Using built-in specs.]
  ignore line: [COLLECT_GCC=/opt/homebrew/Cellar/gcc/12.2.0/bin/aarch64-apple-darwin22-g++-12]
  ignore line: [Target: aarch64-apple-darwin22]
  ignore line: [Configured with: ../configure --prefix=/opt/homebrew/opt/gcc --libdir=/opt/homebrew/opt/gcc/lib/gcc/current --disable-nls --enable-checking=release --with-gcc-major-version-only --enable-languages=c c++ objc obj-c++ fortran --program-suffix=-12 --with-gmp=/opt/homebrew/opt/gmp --with-mpfr=/opt/homebrew/opt/mpfr --with-mpc=/opt/homebrew/opt/libmpc --with-isl=/opt/homebrew/opt/isl --with-zstd=/opt/homebrew/opt/zstd --with-pkgversion='Homebrew GCC 12.2.0' --with-bugurl=https://github.com/Homebrew/homebrew-core/issues --with-system-zlib --build=aarch64-apple-darwin22 --with-sysroot=/Library/Developer/CommandLineTools/SDKs/MacOSX13.sdk]
  ignore line: [Thread model: posix]
  ignore line: [Supported LTO compression algorithms: zlib zstd]
  ignore line: [gcc version 12.2.0 (Homebrew GCC 12.2.0) ]
  ignore line: [COLLECT_GCC_OPTIONS='-isysroot' '/Library/Developer/CommandLineTools/SDKs/MacOSX13.0.sdk' '-v' '-o' 'CMakeFiles/cmTC_cd571.dir/CMakeCXXCompilerABI.cpp.o' '-c' '-mmacosx-version-min=13.0.0' '-asm_macosx_version_min=13.0' '-nodefaultexport' '-mlittle-endian' '-mabi=lp64' '-dumpdir' 'CMakeFiles/cmTC_cd571.dir/']
  ignore line: [ /opt/homebrew/Cellar/gcc/12.2.0/bin/../libexec/gcc/aarch64-apple-darwin22/12/cc1plus -quiet -v -iprefix /opt/homebrew/Cellar/gcc/12.2.0/bin/../lib/gcc/current/gcc/aarch64-apple-darwin22/12/ -D__DYNAMIC__ -isysroot /Library/Developer/CommandLineTools/SDKs/MacOSX13.0.sdk /Applications/CLion.app/Contents/bin/cmake/mac/share/cmake-3.23/Modules/CMakeCXXCompilerABI.cpp -fPIC -quiet -dumpdir CMakeFiles/cmTC_cd571.dir/ -dumpbase CMakeCXXCompilerABI.cpp.cpp -dumpbase-ext .cpp -mmacosx-version-min=13.0.0 -mlittle-endian -mabi=lp64 -version -o /var/folders/g9/tqf6x_px7rd2nbpdv913xw500000gn/T//ccdSi7Fn.s]
  ignore line: [GNU C++17 (Homebrew GCC 12.2.0) version 12.2.0 (aarch64-apple-darwin22)]
  ignore line: [	compiled by GNU C version 12.2.0  GMP version 6.2.1  MPFR version 4.1.0-p13  MPC version 1.2.1  isl version isl-0.25-GMP]
  ignore line: []
  ignore line: [GGC heuristics: --param ggc-min-expand=100 --param ggc-min-heapsize=131072]
  ignore line: [ignoring nonexistent directory "/opt/homebrew/Cellar/gcc/12.2.0/bin/../lib/gcc/current/gcc/aarch64-apple-darwin22/12/../../../../../../aarch64-apple-darwin22/include"]
  ignore line: [ignoring duplicate directory "/opt/homebrew/Cellar/gcc/12.2.0/bin/../lib/gcc/current/gcc/../../../../lib/gcc/current/gcc/aarch64-apple-darwin22/12/../../../../../../include/c++/12"]
  ignore line: [ignoring duplicate directory "/opt/homebrew/Cellar/gcc/12.2.0/bin/../lib/gcc/current/gcc/../../../../lib/gcc/current/gcc/aarch64-apple-darwin22/12/../../../../../../include/c++/12/aarch64-apple-darwin22"]
  ignore line: [ignoring duplicate directory "/opt/homebrew/Cellar/gcc/12.2.0/bin/../lib/gcc/current/gcc/../../../../lib/gcc/current/gcc/aarch64-apple-darwin22/12/../../../../../../include/c++/12/backward"]
  ignore line: [ignoring duplicate directory "/opt/homebrew/Cellar/gcc/12.2.0/bin/../lib/gcc/current/gcc/../../../../lib/gcc/current/gcc/aarch64-apple-darwin22/12/include"]
  ignore line: [ignoring nonexistent directory "/Library/Developer/CommandLineTools/SDKs/MacOSX13.0.sdk/usr/local/include"]
  ignore line: [ignoring duplicate directory "/opt/homebrew/Cellar/gcc/12.2.0/bin/../lib/gcc/current/gcc/../../../../lib/gcc/current/gcc/aarch64-apple-darwin22/12/include-fixed"]
  ignore line: [ignoring nonexistent directory "/opt/homebrew/Cellar/gcc/12.2.0/bin/../lib/gcc/current/gcc/../../../../lib/gcc/current/gcc/aarch64-apple-darwin22/12/../../../../../../aarch64-apple-darwin22/include"]
  ignore line: [ignoring nonexistent directory "/Library/Developer/CommandLineTools/SDKs/MacOSX13.0.sdk/Library/Frameworks"]
  ignore line: [#include "..." search starts here:]
  ignore line: [#include <...> search starts here:]
  ignore line: [ /opt/homebrew/Cellar/gcc/12.2.0/bin/../lib/gcc/current/gcc/aarch64-apple-darwin22/12/../../../../../../include/c++/12]
  ignore line: [ /opt/homebrew/Cellar/gcc/12.2.0/bin/../lib/gcc/current/gcc/aarch64-apple-darwin22/12/../../../../../../include/c++/12/aarch64-apple-darwin22]
  ignore line: [ /opt/homebrew/Cellar/gcc/12.2.0/bin/../lib/gcc/current/gcc/aarch64-apple-darwin22/12/../../../../../../include/c++/12/backward]
  ignore line: [ /opt/homebrew/Cellar/gcc/12.2.0/bin/../lib/gcc/current/gcc/aarch64-apple-darwin22/12/include]
  ignore line: [ /opt/homebrew/Cellar/gcc/12.2.0/bin/../lib/gcc/current/gcc/aarch64-apple-darwin22/12/include-fixed]
  ignore line: [ /Library/Developer/CommandLineTools/SDKs/MacOSX13.0.sdk/usr/include]
  ignore line: [ /Library/Developer/CommandLineTools/SDKs/MacOSX13.0.sdk/System/Library/Frameworks]
  ignore line: [End of search list.]
  ignore line: [GNU C++17 (Homebrew GCC 12.2.0) version 12.2.0 (aarch64-apple-darwin22)]
  ignore line: [	compiled by GNU C version 12.2.0  GMP version 6.2.1  MPFR version 4.1.0-p13  MPC version 1.2.1  isl version isl-0.25-GMP]
  ignore line: []
  ignore line: [GGC heuristics: --param ggc-min-expand=100 --param ggc-min-heapsize=131072]
  ignore line: [Compiler executable checksum: 1e863952a13ea06101beaf74284a4c21]
  ignore line: [COLLECT_GCC_OPTIONS='-isysroot' '/Library/Developer/CommandLineTools/SDKs/MacOSX13.0.sdk' '-v' '-o' 'CMakeFiles/cmTC_cd571.dir/CMakeCXXCompilerABI.cpp.o' '-c' '-mmacosx-version-min=13.0.0'  '-nodefaultexport' '-mlittle-endian' '-mabi=lp64' '-dumpdir' 'CMakeFiles/cmTC_cd571.dir/']
  ignore line: [ as -arch arm64 -v -mmacosx-version-min=13.0 -o CMakeFiles/cmTC_cd571.dir/CMakeCXXCompilerABI.cpp.o /var/folders/g9/tqf6x_px7rd2nbpdv913xw500000gn/T//ccdSi7Fn.s]
  ignore line: [Apple clang version 14.0.0 (clang-1400.0.29.202)]
  ignore line: [Target: arm64-apple-darwin22.1.0]
  ignore line: [Thread model: posix]
  ignore line: [InstalledDir: /Library/Developer/CommandLineTools/usr/bin]
  ignore line: [ "/Library/Developer/CommandLineTools/usr/bin/clang" -cc1as -triple arm64-apple-macosx13.0.0 -filetype obj -main-file-name ccdSi7Fn.s -target-cpu apple-m1 -target-feature +v8.5a -target-feature +fp-armv8 -target-feature +neon -target-feature +crc -target-feature +crypto -target-feature +dotprod -target-feature +fp16fml -target-feature +ras -target-feature +lse -target-feature +rdm -target-feature +rcpc -target-feature +zcm -target-feature +zcz -target-feature +fullfp16 -target-feature +sm4 -target-feature +sha3 -target-feature +sha2 -target-feature +aes -fdebug-compilation-dir=/Users/mac/wihow/code/datastructure/作业四/problem2/cmake-build-debug/CMakeFiles/CMakeTmp -dwarf-debug-producer "Apple clang version 14.0.0 (clang-1400.0.29.202)" -dwarf-version=4 -mrelocation-model pic --mrelax-relocations -mllvm -disable-aligned-alloc-awareness=1 -o CMakeFiles/cmTC_cd571.dir/CMakeCXXCompilerABI.cpp.o /var/folders/g9/tqf6x_px7rd2nbpdv913xw500000gn/T//ccdSi7Fn.s]
  ignore line: [COMPILER_PATH=/opt/homebrew/Cellar/gcc/12.2.0/bin/../libexec/gcc/aarch64-apple-darwin22/12/:/opt/homebrew/Cellar/gcc/12.2.0/bin/../libexec/gcc/]
  ignore line: [LIBRARY_PATH=/opt/homebrew/Cellar/gcc/12.2.0/bin/../lib/gcc/current/gcc/aarch64-apple-darwin22/12/:/opt/homebrew/Cellar/gcc/12.2.0/bin/../lib/gcc/current/gcc/:/opt/homebrew/Cellar/gcc/12.2.0/bin/../lib/gcc/current/gcc/aarch64-apple-darwin22/12/../../../]
  ignore line: [COLLECT_GCC_OPTIONS='-isysroot' '/Library/Developer/CommandLineTools/SDKs/MacOSX13.0.sdk' '-v' '-o' 'CMakeFiles/cmTC_cd571.dir/CMakeCXXCompilerABI.cpp.o' '-c' '-mmacosx-version-min=13.0.0'  '-nodefaultexport' '-mlittle-endian' '-mabi=lp64' '-dumpdir' 'CMakeFiles/cmTC_cd571.dir/CMakeCXXCompilerABI.cpp.']
  ignore line: [[2/2] Linking CXX executable cmTC_cd571]
  ignore line: [Using built-in specs.]
  ignore line: [COLLECT_GCC=/opt/homebrew/Cellar/gcc/12.2.0/bin/aarch64-apple-darwin22-g++-12]
  ignore line: [COLLECT_LTO_WRAPPER=/opt/homebrew/Cellar/gcc/12.2.0/bin/../libexec/gcc/aarch64-apple-darwin22/12/lto-wrapper]
  ignore line: [Target: aarch64-apple-darwin22]
  ignore line: [Configured with: ../configure --prefix=/opt/homebrew/opt/gcc --libdir=/opt/homebrew/opt/gcc/lib/gcc/current --disable-nls --enable-checking=release --with-gcc-major-version-only --enable-languages=c c++ objc obj-c++ fortran --program-suffix=-12 --with-gmp=/opt/homebrew/opt/gmp --with-mpfr=/opt/homebrew/opt/mpfr --with-mpc=/opt/homebrew/opt/libmpc --with-isl=/opt/homebrew/opt/isl --with-zstd=/opt/homebrew/opt/zstd --with-pkgversion='Homebrew GCC 12.2.0' --with-bugurl=https://github.com/Homebrew/homebrew-core/issues --with-system-zlib --build=aarch64-apple-darwin22 --with-sysroot=/Library/Developer/CommandLineTools/SDKs/MacOSX13.sdk]
  ignore line: [Thread model: posix]
  ignore line: [Supported LTO compression algorithms: zlib zstd]
  ignore line: [gcc version 12.2.0 (Homebrew GCC 12.2.0) ]
  ignore line: [COMPILER_PATH=/opt/homebrew/Cellar/gcc/12.2.0/bin/../libexec/gcc/aarch64-apple-darwin22/12/:/opt/homebrew/Cellar/gcc/12.2.0/bin/../libexec/gcc/]
  ignore line: [LIBRARY_PATH=/opt/homebrew/Cellar/gcc/12.2.0/bin/../lib/gcc/current/gcc/aarch64-apple-darwin22/12/:/opt/homebrew/Cellar/gcc/12.2.0/bin/../lib/gcc/current/gcc/:/opt/homebrew/Cellar/gcc/12.2.0/bin/../lib/gcc/current/gcc/aarch64-apple-darwin22/12/../../../]
  ignore line: [COLLECT_GCC_OPTIONS='-isysroot' '/Library/Developer/CommandLineTools/SDKs/MacOSX13.0.sdk' '-v' '-o' 'cmTC_cd571' '-mmacosx-version-min=13.0.0' '-asm_macosx_version_min=13.0' '-nodefaultexport' '-mlittle-endian' '-mabi=lp64' '-dumpdir' 'cmTC_cd571.']
  link line: [ /opt/homebrew/Cellar/gcc/12.2.0/bin/../libexec/gcc/aarch64-apple-darwin22/12/collect2 -dynamic -arch arm64 -syslibroot /Library/Developer/CommandLineTools/SDKs/MacOSX13.0.sdk -macosx_version_min 13.0.0 -o cmTC_cd571 -L/opt/homebrew/Cellar/gcc/12.2.0/bin/../lib/gcc/current/gcc/aarch64-apple-darwin22/12 -L/opt/homebrew/Cellar/gcc/12.2.0/bin/../lib/gcc/current/gcc -L/opt/homebrew/Cellar/gcc/12.2.0/bin/../lib/gcc/current/gcc/aarch64-apple-darwin22/12/../../.. -search_paths_first -headerpad_max_install_names -v CMakeFiles/cmTC_cd571.dir/CMakeCXXCompilerABI.cpp.o -lstdc++ -lemutls_w -lgcc -lSystem -lgcc -no_compact_unwind -rpath @loader_path -rpath /opt/homebrew/Cellar/gcc/12.2.0/lib/gcc/current/gcc/aarch64-apple-darwin22/12 -rpath /opt/homebrew/Cellar/gcc/12.2.0/lib/gcc/current/gcc -rpath /opt/homebrew/Cellar/gcc/12.2.0/lib/gcc/current]
    arg [/opt/homebrew/Cellar/gcc/12.2.0/bin/../libexec/gcc/aarch64-apple-darwin22/12/collect2] ==> ignore
    arg [-dynamic] ==> ignore
    arg [-arch] ==> ignore
    arg [arm64] ==> ignore
    arg [-syslibroot] ==> ignore
    arg [/Library/Developer/CommandLineTools/SDKs/MacOSX13.0.sdk] ==> ignore
    arg [-macosx_version_min] ==> ignore
    arg [13.0.0] ==> ignore
    arg [-o] ==> ignore
    arg [cmTC_cd571] ==> ignore
    arg [-L/opt/homebrew/Cellar/gcc/12.2.0/bin/../lib/gcc/current/gcc/aarch64-apple-darwin22/12] ==> dir [/opt/homebrew/Cellar/gcc/12.2.0/bin/../lib/gcc/current/gcc/aarch64-apple-darwin22/12]
    arg [-L/opt/homebrew/Cellar/gcc/12.2.0/bin/../lib/gcc/current/gcc] ==> dir [/opt/homebrew/Cellar/gcc/12.2.0/bin/../lib/gcc/current/gcc]
    arg [-L/opt/homebrew/Cellar/gcc/12.2.0/bin/../lib/gcc/current/gcc/aarch64-apple-darwin22/12/../../..] ==> dir [/opt/homebrew/Cellar/gcc/12.2.0/bin/../lib/gcc/current/gcc/aarch64-apple-darwin22/12/../../..]
    arg [-search_paths_first] ==> ignore
    arg [-headerpad_max_install_names] ==> ignore
    arg [-v] ==> ignore
    arg [CMakeFiles/cmTC_cd571.dir/CMakeCXXCompilerABI.cpp.o] ==> ignore
    arg [-lstdc++] ==> lib [stdc++]
    arg [-lemutls_w] ==> lib [emutls_w]
    arg [-lgcc] ==> lib [gcc]
    arg [-lSystem] ==> lib [System]
    arg [-lgcc] ==> lib [gcc]
    arg [-no_compact_unwind] ==> ignore
    arg [-rpath] ==> ignore
    arg [@loader_path] ==> ignore
    arg [-rpath] ==> ignore
    arg [/opt/homebrew/Cellar/gcc/12.2.0/lib/gcc/current/gcc/aarch64-apple-darwin22/12] ==> ignore
    arg [-rpath] ==> ignore
    arg [/opt/homebrew/Cellar/gcc/12.2.0/lib/gcc/current/gcc] ==> ignore
    arg [-rpath] ==> ignore
    arg [/opt/homebrew/Cellar/gcc/12.2.0/lib/gcc/current] ==> ignore
  Library search paths: [;/opt/homebrew/Cellar/gcc/12.2.0/lib/gcc/current/gcc/aarch64-apple-darwin22/12;/opt/homebrew/Cellar/gcc/12.2.0/lib/gcc/current/gcc;/opt/homebrew/Cellar/gcc/12.2.0/lib/gcc/current;/Library/Developer/CommandLineTools/SDKs/MacOSX13.0.sdk/usr/lib]
  Framework search paths: [;/Library/Developer/CommandLineTools/SDKs/MacOSX13.0.sdk/System/Library/Frameworks/]
  remove lib [System]
  collapse library dir [/opt/homebrew/Cellar/gcc/12.2.0/bin/../lib/gcc/current/gcc/aarch64-apple-darwin22/12] ==> [/opt/homebrew/Cellar/gcc/12.2.0/lib/gcc/current/gcc/aarch64-apple-darwin22/12]
  collapse library dir [/opt/homebrew/Cellar/gcc/12.2.0/bin/../lib/gcc/current/gcc] ==> [/opt/homebrew/Cellar/gcc/12.2.0/lib/gcc/current/gcc]
  collapse library dir [/opt/homebrew/Cellar/gcc/12.2.0/bin/../lib/gcc/current/gcc/aarch64-apple-darwin22/12/../../..] ==> [/opt/homebrew/Cellar/gcc/12.2.0/lib/gcc/current]
  collapse library dir [/opt/homebrew/Cellar/gcc/12.2.0/lib/gcc/current/gcc/aarch64-apple-darwin22/12] ==> [/opt/homebrew/Cellar/gcc/12.2.0/lib/gcc/current/gcc/aarch64-apple-darwin22/12]
  collapse library dir [/opt/homebrew/Cellar/gcc/12.2.0/lib/gcc/current/gcc] ==> [/opt/homebrew/Cellar/gcc/12.2.0/lib/gcc/current/gcc]
  collapse library dir [/opt/homebrew/Cellar/gcc/12.2.0/lib/gcc/current] ==> [/opt/homebrew/Cellar/gcc/12.2.0/lib/gcc/current]
  collapse library dir [/Library/Developer/CommandLineTools/SDKs/MacOSX13.0.sdk/usr/lib] ==> [/Library/Developer/CommandLineTools/SDKs/MacOSX13.0.sdk/usr/lib]
  collapse framework dir [/Library/Developer/CommandLineTools/SDKs/MacOSX13.0.sdk/System/Library/Frameworks/] ==> [/Library/Developer/CommandLineTools/SDKs/MacOSX13.0.sdk/System/Library/Frameworks]
  implicit libs: [stdc++;emutls_w;gcc;gcc]
  implicit objs: []
  implicit dirs: [/opt/homebrew/Cellar/gcc/12.2.0/lib/gcc/current/gcc/aarch64-apple-darwin22/12;/opt/homebrew/Cellar/gcc/12.2.0/lib/gcc/current/gcc;/opt/homebrew/Cellar/gcc/12.2.0/lib/gcc/current;/Library/Developer/CommandLineTools/SDKs/MacOSX13.0.sdk/usr/lib]
  implicit fwks: [/Library/Developer/CommandLineTools/SDKs/MacOSX13.0.sdk/System/Library/Frameworks]


